2016-11-27 14:28:12 - PHP Notice:  Undefined variable: analytics in /var/www/OC/catalog/view/theme/blackdiamond/template/common/header.tpl on line 36
2016-11-27 14:28:12 - PHP Warning:  Invalid argument supplied for foreach() in /var/www/OC/catalog/view/theme/blackdiamond/template/common/header.tpl on line 36
2016-11-27 14:34:13 - PHP Notice:  Undefined variable: analytics in /var/www/OC/catalog/view/theme/blackdiamond/template/common/header.tpl on line 36
2016-11-27 14:34:13 - PHP Warning:  Invalid argument supplied for foreach() in /var/www/OC/catalog/view/theme/blackdiamond/template/common/header.tpl on line 36
2016-11-27 14:36:41 - PHP Notice:  Undefined variable: analytics in /var/www/OC/catalog/view/theme/blackdiamond/template/common/header.tpl on line 36
2016-11-27 14:36:41 - PHP Warning:  Invalid argument supplied for foreach() in /var/www/OC/catalog/view/theme/blackdiamond/template/common/header.tpl on line 36
2016-11-27 14:37:35 - PHP Notice:  Undefined variable: analytics in /var/www/OC/catalog/view/theme/blackdiamond/template/common/header.tpl on line 36
2016-11-27 14:37:35 - PHP Warning:  Invalid argument supplied for foreach() in /var/www/OC/catalog/view/theme/blackdiamond/template/common/header.tpl on line 36
2016-11-27 14:39:59 - PHP Notice:  Undefined variable: analytics in /var/www/OC/catalog/view/theme/blackdiamond/template/common/header.tpl on line 36
2016-11-27 14:39:59 - PHP Warning:  Invalid argument supplied for foreach() in /var/www/OC/catalog/view/theme/blackdiamond/template/common/header.tpl on line 36
2016-11-27 14:40:29 - PHP Notice:  Undefined variable: analytics in /var/www/OC/catalog/view/theme/blackdiamond/template/common/header.tpl on line 36
2016-11-27 14:40:29 - PHP Warning:  Invalid argument supplied for foreach() in /var/www/OC/catalog/view/theme/blackdiamond/template/common/header.tpl on line 36
2016-11-27 14:40:35 - PHP Notice:  Undefined variable: analytics in /var/www/OC/catalog/view/theme/blackdiamond/template/common/header.tpl on line 36
2016-11-27 14:40:35 - PHP Warning:  Invalid argument supplied for foreach() in /var/www/OC/catalog/view/theme/blackdiamond/template/common/header.tpl on line 36
2016-11-27 14:45:26 - PHP Notice:  Undefined variable: analytics in /var/www/OC/catalog/view/theme/blackdiamond/template/common/header.tpl on line 36
2016-11-27 14:45:26 - PHP Warning:  Invalid argument supplied for foreach() in /var/www/OC/catalog/view/theme/blackdiamond/template/common/header.tpl on line 36
2016-11-27 14:45:43 - PHP Notice:  Undefined variable: analytics in /var/www/OC/catalog/view/theme/blackdiamond/template/common/header.tpl on line 36
2016-11-27 14:45:43 - PHP Warning:  Invalid argument supplied for foreach() in /var/www/OC/catalog/view/theme/blackdiamond/template/common/header.tpl on line 36
2016-11-27 14:45:52 - PHP Notice:  Undefined variable: analytics in /var/www/OC/catalog/view/theme/blackdiamond/template/common/header.tpl on line 36
2016-11-27 14:45:52 - PHP Warning:  Invalid argument supplied for foreach() in /var/www/OC/catalog/view/theme/blackdiamond/template/common/header.tpl on line 36
2016-11-27 14:46:20 - PHP Notice:  Undefined variable: analytics in /var/www/OC/catalog/view/theme/blackdiamond/template/common/header.tpl on line 36
2016-11-27 14:46:20 - PHP Warning:  Invalid argument supplied for foreach() in /var/www/OC/catalog/view/theme/blackdiamond/template/common/header.tpl on line 36
2016-11-27 14:46:57 - PHP Notice:  Undefined variable: analytics in /var/www/OC/catalog/view/theme/blackdiamond/template/common/header.tpl on line 36
2016-11-27 14:46:57 - PHP Warning:  Invalid argument supplied for foreach() in /var/www/OC/catalog/view/theme/blackdiamond/template/common/header.tpl on line 36
2016-11-27 14:48:39 - PHP Notice:  Undefined variable: analytics in /var/www/OC/catalog/view/theme/blackdiamond/template/common/header.tpl on line 36
2016-11-27 14:48:39 - PHP Warning:  Invalid argument supplied for foreach() in /var/www/OC/catalog/view/theme/blackdiamond/template/common/header.tpl on line 36
2016-11-27 19:48:08 - PHP Notice:  Undefined variable: currencies in /var/www/OC/system/library/currency.php on line 28
2016-11-27 19:57:08 - PHP Notice:  Undefined index: symbol_left in /var/www/OC/system/library/currency.php on line 54
2016-11-27 19:57:08 - PHP Notice:  Undefined index: symbol_right in /var/www/OC/system/library/currency.php on line 55
2016-11-27 19:57:08 - PHP Notice:  Undefined index: decimal_place in /var/www/OC/system/library/currency.php on line 56
2016-11-27 19:57:08 - PHP Notice:  Undefined index: value in /var/www/OC/system/library/currency.php on line 64
2016-11-27 19:57:08 - PHP Notice:  Undefined index: symbol_left in /var/www/OC/system/library/currency.php on line 54
2016-11-27 19:57:08 - PHP Notice:  Undefined index: symbol_right in /var/www/OC/system/library/currency.php on line 55
2016-11-27 19:57:08 - PHP Notice:  Undefined index: decimal_place in /var/www/OC/system/library/currency.php on line 56
2016-11-27 19:57:08 - PHP Notice:  Undefined index: value in /var/www/OC/system/library/currency.php on line 64
2016-11-27 19:57:08 - PHP Notice:  Undefined index: symbol_left in /var/www/OC/system/library/currency.php on line 54
2016-11-27 19:57:08 - PHP Notice:  Undefined index: symbol_right in /var/www/OC/system/library/currency.php on line 55
2016-11-27 19:57:08 - PHP Notice:  Undefined index: decimal_place in /var/www/OC/system/library/currency.php on line 56
2016-11-27 19:57:08 - PHP Notice:  Undefined index: value in /var/www/OC/system/library/currency.php on line 64
2016-11-28 10:38:15 - PHP Notice:  Undefined index: links in /var/www/OC/catalog/controller/common/header.php on line 11
2016-11-28 10:38:42 - PHP Notice:  Array to string conversion in /var/www/OC/catalog/controller/common/header.php on line 16
2016-11-28 15:51:30 - PHP Notice:  Undefined index: fax in /var/www/OC/catalog/controller/checkout/guest.php on line 259
2016-11-28 15:51:30 - PHP Notice:  Undefined index: company in /var/www/OC/catalog/controller/checkout/guest.php on line 269
2016-11-28 15:51:30 - PHP Notice:  Undefined index: company in /var/www/OC/catalog/controller/checkout/guest.php on line 321
2016-11-28 16:09:46 - PHP Notice:  Undefined index: firstname in /var/www/OC/catalog/controller/checkout/guest.php on line 192
2016-11-28 16:09:46 - PHP Notice:  Undefined index: lastname in /var/www/OC/catalog/controller/checkout/guest.php on line 196
2016-11-28 16:09:46 - PHP Notice:  Undefined index: email in /var/www/OC/catalog/controller/checkout/guest.php on line 200
2016-11-28 16:09:46 - PHP Notice:  Undefined index: email in /var/www/OC/catalog/controller/checkout/guest.php on line 200
2016-11-28 16:09:46 - PHP Notice:  Undefined index: telephone in /var/www/OC/catalog/controller/checkout/guest.php on line 204
2016-11-28 16:09:46 - PHP Notice:  Undefined index: address_1 in /var/www/OC/catalog/controller/checkout/guest.php on line 208
2016-11-28 16:09:46 - PHP Notice:  Undefined index: city in /var/www/OC/catalog/controller/checkout/guest.php on line 212
2016-11-28 16:09:46 - PHP Notice:  Undefined index: country_id in /var/www/OC/catalog/controller/checkout/guest.php on line 218
2016-11-28 16:09:46 - PHP Notice:  Undefined index: country_id in /var/www/OC/catalog/controller/checkout/guest.php on line 224
2016-11-28 16:17:53 - PHP Notice:  Undefined index: fax in /var/www/OC/catalog/controller/checkout/guest.php on line 259
2016-11-28 16:17:53 - PHP Notice:  Undefined index: company in /var/www/OC/catalog/controller/checkout/guest.php on line 269
2016-11-28 16:17:53 - PHP Notice:  Undefined index: company in /var/www/OC/catalog/controller/checkout/guest.php on line 321
2016-11-28 16:19:01 - PHP Notice:  Undefined index: company in /var/www/OC/catalog/controller/checkout/guest.php on line 269
2016-11-28 16:19:01 - PHP Notice:  Undefined index: company in /var/www/OC/catalog/controller/checkout/guest.php on line 321
2016-11-28 16:19:07 - PHP Notice:  Undefined index: company in /var/www/OC/catalog/controller/checkout/guest.php on line 269
2016-11-28 16:19:07 - PHP Notice:  Undefined index: company in /var/www/OC/catalog/controller/checkout/guest.php on line 321
2016-11-28 17:04:38 - PHP Notice:  Undefined index: fax in /var/www/OC/catalog/controller/checkout/guest.php on line 259
2016-11-28 17:04:38 - PHP Notice:  Undefined index: company in /var/www/OC/catalog/controller/checkout/guest.php on line 269
2016-11-28 17:04:38 - PHP Notice:  Undefined index: company in /var/www/OC/catalog/controller/checkout/guest.php on line 321
2016-11-28 21:51:17 - PHP Warning:  file(base.log): failed to open stream: No such file or directory in /var/www/OC/catalog/controller/common/header.php on line 20
2016-11-28 21:51:52 - PHP Warning:  file(/base.log): failed to open stream: No such file or directory in /var/www/OC/catalog/controller/common/header.php on line 20
2016-11-28 21:59:55 - PHP Notice:  Use of undefined constant col - assumed 'col' in /var/www/OC/catalog/view/theme/kingstorepro/template/common/header.tpl on line 12
2016-11-28 22:14:11 - PHP Notice:  Use of undefined constant col - assumed 'col' in /var/www/OC/catalog/view/theme/kingstorepro/template/common/header.tpl on line 12
2016-11-28 22:14:11 - PHP Notice:  Undefined variable: text_day in /var/www/OC/catalog/view/theme/kingstorepro/template/common/header.tpl on line 242
2016-11-28 22:14:11 - PHP Notice:  Undefined variable: text_week in /var/www/OC/catalog/view/theme/kingstorepro/template/common/header.tpl on line 243
2016-11-28 22:14:11 - PHP Notice:  Undefined variable: text_month in /var/www/OC/catalog/view/theme/kingstorepro/template/common/header.tpl on line 244
2016-11-28 22:14:11 - PHP Notice:  Undefined variable: text_year in /var/www/OC/catalog/view/theme/kingstorepro/template/common/header.tpl on line 245
2016-11-28 22:14:11 - PHP Notice:  Undefined variable: heading_title in /var/www/OC/catalog/view/theme/kingstorepro/template/common/header.tpl on line 248
2016-11-28 22:14:11 - PHP Notice:  Undefined variable: token in /var/www/OC/catalog/view/theme/kingstorepro/template/common/header.tpl on line 266
2016-11-28 22:14:14 - PHP Notice:  Use of undefined constant col - assumed 'col' in /var/www/OC/catalog/view/theme/kingstorepro/template/common/header.tpl on line 12
2016-11-28 22:14:14 - PHP Notice:  Undefined variable: text_day in /var/www/OC/catalog/view/theme/kingstorepro/template/common/header.tpl on line 242
2016-11-28 22:14:14 - PHP Notice:  Undefined variable: text_week in /var/www/OC/catalog/view/theme/kingstorepro/template/common/header.tpl on line 243
2016-11-28 22:14:14 - PHP Notice:  Undefined variable: text_month in /var/www/OC/catalog/view/theme/kingstorepro/template/common/header.tpl on line 244
2016-11-28 22:14:14 - PHP Notice:  Undefined variable: text_year in /var/www/OC/catalog/view/theme/kingstorepro/template/common/header.tpl on line 245
2016-11-28 22:14:14 - PHP Notice:  Undefined variable: heading_title in /var/www/OC/catalog/view/theme/kingstorepro/template/common/header.tpl on line 248
2016-11-28 22:14:14 - PHP Notice:  Undefined variable: token in /var/www/OC/catalog/view/theme/kingstorepro/template/common/header.tpl on line 266
2016-11-28 22:20:39 - PHP Notice:  Use of undefined constant col - assumed 'col' in /var/www/OC/catalog/view/theme/kingstorepro/template/common/header.tpl on line 12
2016-11-28 22:20:39 - PHP Notice:  Undefined variable: text_day in /var/www/OC/catalog/view/theme/kingstorepro/template/common/header.tpl on line 242
2016-11-28 22:20:39 - PHP Notice:  Undefined variable: text_week in /var/www/OC/catalog/view/theme/kingstorepro/template/common/header.tpl on line 243
2016-11-28 22:20:39 - PHP Notice:  Undefined variable: text_month in /var/www/OC/catalog/view/theme/kingstorepro/template/common/header.tpl on line 244
2016-11-28 22:20:39 - PHP Notice:  Undefined variable: text_year in /var/www/OC/catalog/view/theme/kingstorepro/template/common/header.tpl on line 245
2016-11-28 22:20:39 - PHP Notice:  Undefined variable: token in /var/www/OC/catalog/view/theme/kingstorepro/template/common/header.tpl on line 265
2016-11-28 22:20:42 - PHP Notice:  Use of undefined constant col - assumed 'col' in /var/www/OC/catalog/view/theme/kingstorepro/template/common/header.tpl on line 12
2016-11-28 22:20:42 - PHP Notice:  Undefined variable: text_day in /var/www/OC/catalog/view/theme/kingstorepro/template/common/header.tpl on line 242
2016-11-28 22:20:42 - PHP Notice:  Undefined variable: text_week in /var/www/OC/catalog/view/theme/kingstorepro/template/common/header.tpl on line 243
2016-11-28 22:20:42 - PHP Notice:  Undefined variable: text_month in /var/www/OC/catalog/view/theme/kingstorepro/template/common/header.tpl on line 244
2016-11-28 22:20:42 - PHP Notice:  Undefined variable: text_year in /var/www/OC/catalog/view/theme/kingstorepro/template/common/header.tpl on line 245
2016-11-28 22:20:42 - PHP Notice:  Undefined variable: token in /var/www/OC/catalog/view/theme/kingstorepro/template/common/header.tpl on line 265
2016-11-29 6:28:55 - PHP Notice:  Use of undefined constant col - assumed 'col' in /var/www/OC/catalog/view/theme/kingstorepro/template/common/header.tpl on line 12
2016-11-29 6:28:55 - PHP Notice:  Undefined variable: text_day in /var/www/OC/catalog/view/theme/kingstorepro/template/common/header.tpl on line 242
2016-11-29 6:28:55 - PHP Notice:  Undefined variable: text_week in /var/www/OC/catalog/view/theme/kingstorepro/template/common/header.tpl on line 243
2016-11-29 6:28:55 - PHP Notice:  Undefined variable: text_month in /var/www/OC/catalog/view/theme/kingstorepro/template/common/header.tpl on line 244
2016-11-29 6:28:55 - PHP Notice:  Undefined variable: text_year in /var/www/OC/catalog/view/theme/kingstorepro/template/common/header.tpl on line 245
2016-11-29 6:28:55 - PHP Notice:  Undefined variable: token in /var/www/OC/catalog/view/theme/kingstorepro/template/common/header.tpl on line 265
2016-11-29 6:29:08 - PHP Notice:  Use of undefined constant col - assumed 'col' in /var/www/OC/catalog/view/theme/kingstorepro/template/common/header.tpl on line 12
2016-11-29 6:29:08 - PHP Notice:  Undefined variable: text_day in /var/www/OC/catalog/view/theme/kingstorepro/template/common/header.tpl on line 242
2016-11-29 6:29:08 - PHP Notice:  Undefined variable: text_week in /var/www/OC/catalog/view/theme/kingstorepro/template/common/header.tpl on line 243
2016-11-29 6:29:08 - PHP Notice:  Undefined variable: text_month in /var/www/OC/catalog/view/theme/kingstorepro/template/common/header.tpl on line 244
2016-11-29 6:29:08 - PHP Notice:  Undefined variable: text_year in /var/www/OC/catalog/view/theme/kingstorepro/template/common/header.tpl on line 245
2016-11-29 6:29:08 - PHP Notice:  Undefined variable: token in /var/www/OC/catalog/view/theme/kingstorepro/template/common/header.tpl on line 265
2016-11-29 6:34:27 - PHP Notice:  Use of undefined constant col - assumed 'col' in /var/www/OC/catalog/view/theme/kingstorepro/template/common/header.tpl on line 12
2016-11-29 6:34:27 - PHP Notice:  Undefined variable: text_day in /var/www/OC/catalog/view/theme/kingstorepro/template/common/header.tpl on line 242
2016-11-29 6:34:27 - PHP Notice:  Undefined variable: text_week in /var/www/OC/catalog/view/theme/kingstorepro/template/common/header.tpl on line 243
2016-11-29 6:34:27 - PHP Notice:  Undefined variable: text_month in /var/www/OC/catalog/view/theme/kingstorepro/template/common/header.tpl on line 244
2016-11-29 6:34:27 - PHP Notice:  Undefined variable: text_year in /var/www/OC/catalog/view/theme/kingstorepro/template/common/header.tpl on line 245
2016-11-29 6:34:27 - PHP Notice:  Undefined variable: token in /var/www/OC/catalog/view/theme/kingstorepro/template/common/header.tpl on line 265
2016-11-29 6:34:38 - PHP Notice:  Use of undefined constant col - assumed 'col' in /var/www/OC/catalog/view/theme/kingstorepro/template/common/header.tpl on line 12
2016-11-29 6:34:38 - PHP Notice:  Undefined variable: text_day in /var/www/OC/catalog/view/theme/kingstorepro/template/common/header.tpl on line 242
2016-11-29 6:34:38 - PHP Notice:  Undefined variable: text_week in /var/www/OC/catalog/view/theme/kingstorepro/template/common/header.tpl on line 243
2016-11-29 6:34:38 - PHP Notice:  Undefined variable: text_month in /var/www/OC/catalog/view/theme/kingstorepro/template/common/header.tpl on line 244
2016-11-29 6:34:38 - PHP Notice:  Undefined variable: text_year in /var/www/OC/catalog/view/theme/kingstorepro/template/common/header.tpl on line 245
2016-11-29 6:34:38 - PHP Notice:  Undefined variable: token in /var/www/OC/catalog/view/theme/kingstorepro/template/common/header.tpl on line 265
2016-11-29 6:55:32 - PHP Notice:  Use of undefined constant col - assumed 'col' in /var/www/OC/catalog/view/theme/kingstorepro/template/common/header.tpl on line 12
2016-11-29 6:57:52 - PHP Notice:  Use of undefined constant col - assumed 'col' in /var/www/OC/catalog/view/theme/kingstorepro/template/common/header.tpl on line 12
2016-11-29 6:59:49 - PHP Notice:  Use of undefined constant col - assumed 'col' in /var/www/OC/catalog/view/theme/kingstorepro/template/common/header.tpl on line 12
2016-11-29 7:01:11 - PHP Notice:  Use of undefined constant col - assumed 'col' in /var/www/OC/catalog/view/theme/kingstorepro/template/common/header.tpl on line 12
2016-11-29 7:02:36 - PHP Notice:  Use of undefined constant col - assumed 'col' in /var/www/OC/catalog/view/theme/kingstorepro/template/common/header.tpl on line 12
2016-11-29 7:06:47 - PHP Notice:  Use of undefined constant col - assumed 'col' in /var/www/OC/catalog/view/theme/kingstorepro/template/common/header.tpl on line 12
2016-11-29 7:07:30 - PHP Notice:  Use of undefined constant col - assumed 'col' in /var/www/OC/catalog/view/theme/kingstorepro/template/common/header.tpl on line 12
2016-11-29 7:12:43 - PHP Notice:  Use of undefined constant col - assumed 'col' in /var/www/OC/catalog/view/theme/kingstorepro/template/common/header.tpl on line 12
2016-11-29 7:14:30 - PHP Notice:  Use of undefined constant col - assumed 'col' in /var/www/OC/catalog/view/theme/kingstorepro/template/common/header.tpl on line 12
2016-11-29 7:19:33 - PHP Notice:  Use of undefined constant col - assumed 'col' in /var/www/OC/catalog/view/theme/kingstorepro/template/common/header.tpl on line 12
2016-11-29 7:20:15 - PHP Notice:  Use of undefined constant col - assumed 'col' in /var/www/OC/catalog/view/theme/kingstorepro/template/common/header.tpl on line 12
2016-11-29 7:22:34 - PHP Notice:  Use of undefined constant col - assumed 'col' in /var/www/OC/catalog/view/theme/kingstorepro/template/common/home.tpl on line 46
2016-11-29 7:28:08 - PHP Notice:  Use of undefined constant col - assumed 'col' in /var/www/OC/catalog/view/theme/kingstorepro/template/common/home.tpl on line 46
2016-11-29 7:48:36 - PHP Notice:  Use of undefined constant col - assumed 'col' in /var/www/OC/catalog/view/theme/kingstorepro/template/common/home.tpl on line 46
2016-11-29 7:50:28 - PHP Notice:  Use of undefined constant col - assumed 'col' in /var/www/OC/catalog/view/theme/kingstorepro/template/common/home.tpl on line 46
2016-11-29 7:51:07 - PHP Notice:  Use of undefined constant col - assumed 'col' in /var/www/OC/catalog/view/theme/kingstorepro/template/common/home.tpl on line 46
2016-11-29 7:51:41 - PHP Notice:  Use of undefined constant col - assumed 'col' in /var/www/OC/catalog/view/theme/kingstorepro/template/common/home.tpl on line 46
2016-11-29 7:53:07 - PHP Notice:  Use of undefined constant col - assumed 'col' in /var/www/OC/catalog/view/theme/kingstorepro/template/common/home.tpl on line 46
2016-11-29 7:54:22 - PHP Notice:  Use of undefined constant col - assumed 'col' in /var/www/OC/catalog/view/theme/kingstorepro/template/common/home.tpl on line 46
2016-11-29 8:49:40 - PHP Notice:  Use of undefined constant col - assumed 'col' in /var/www/OC/catalog/view/theme/kingstorepro/template/common/home.tpl on line 46
2016-11-29 8:51:14 - PHP Notice:  Use of undefined constant col - assumed 'col' in /var/www/OC/catalog/view/theme/kingstorepro/template/common/home.tpl on line 46
2016-11-29 8:51:30 - PHP Notice:  Use of undefined constant col - assumed 'col' in /var/www/OC/catalog/view/theme/kingstorepro/template/common/home.tpl on line 46
2016-11-29 11:33:48 - PHP Notice:  Use of undefined constant col - assumed 'col' in /var/www/OC/catalog/view/theme/kingstorepro/template/common/home.tpl on line 46
2016-11-29 11:39:10 - PHP Notice:  Use of undefined constant col - assumed 'col' in /var/www/OC/catalog/view/theme/kingstorepro/template/common/home.tpl on line 43
2016-11-29 11:40:13 - PHP Notice:  Use of undefined constant col - assumed 'col' in /var/www/OC/catalog/view/theme/kingstorepro/template/common/home.tpl on line 43
2016-11-29 11:41:57 - PHP Notice:  Use of undefined constant col - assumed 'col' in /var/www/OC/catalog/view/theme/kingstorepro/template/common/home.tpl on line 43
2016-11-29 11:42:39 - PHP Notice:  Use of undefined constant col - assumed 'col' in /var/www/OC/catalog/view/theme/kingstorepro/template/common/home.tpl on line 43
2016-11-29 11:48:41 - PHP Notice:  Use of undefined constant col - assumed 'col' in /var/www/OC/catalog/view/theme/kingstorepro/template/common/home.tpl on line 45
2016-11-29 11:52:30 - PHP Notice:  Use of undefined constant col - assumed 'col' in /var/www/OC/catalog/view/theme/kingstorepro/template/common/home.tpl on line 45
2016-11-29 11:54:37 - PHP Notice:  Use of undefined constant col - assumed 'col' in /var/www/OC/catalog/view/theme/kingstorepro/template/common/home.tpl on line 45
2016-11-29 11:59:01 - PHP Notice:  Use of undefined constant col - assumed 'col' in /var/www/OC/catalog/view/theme/kingstorepro/template/common/home.tpl on line 45
2016-11-29 12:00:01 - PHP Notice:  Use of undefined constant col - assumed 'col' in /var/www/OC/catalog/view/theme/kingstorepro/template/common/home.tpl on line 45
2016-11-29 12:01:32 - PHP Notice:  Undefined variable: col in /var/www/OC/catalog/view/theme/kingstorepro/template/common/home.tpl on line 352
